#
# There is insufficient memory for the Java Runtime Environment to continue.
# Native memory allocation (malloc) failed to allocate 907824 bytes. Error detail: Chunk::new
# Possible reasons:
#   The system is out of physical RAM or swap space
#   This process is running with CompressedOops enabled, and the Java Heap may be blocking the growth of the native heap
# Possible solutions:
#   Reduce memory load on the system
#   Increase physical memory or swap space
#   Check if swap backing store is full
#   Decrease Java heap size (-Xmx/-Xms)
#   Decrease number of Java threads
#   Decrease Java thread stack sizes (-Xss)
#   Set larger code cache with -XX:ReservedCodeCacheSize=
#   JVM is running with Unscaled Compressed Oops mode in which the Java heap is
#     placed in the first 4GB address space. The Java Heap base address is the
#     maximum limit for the native heap growth. Please use -XX:HeapBaseMinAddress
#     to set the Java Heap base and to place the Java Heap above 4GB virtual address.
# This output file may be truncated or incomplete.
#
#  Out of Memory Error (arena.cpp:150), pid=7192, tid=8280
#
# JRE version: OpenJDK Runtime Environment (22.0.1+8) (build 22.0.1+8-16)
# Java VM: OpenJDK 64-Bit Server VM (22.0.1+8-16, mixed mode, sharing, tiered, compressed oops, compressed class ptrs, g1 gc, windows-amd64)
# No core dump will be written. Minidumps are not enabled by default on client versions of Windows
#

---------------  S U M M A R Y ------------

Command Line: -javaagent:C:\Program Files\JetBrains\IntelliJ IDEA 2023.3.4\lib\idea_rt.jar=58303:C:\Program Files\JetBrains\IntelliJ IDEA 2023.3.4\bin -Dfile.encoding=UTF-8 -Dsun.stdout.encoding=UTF-8 -Dsun.stderr.encoding=UTF-8 Main

Host: 12th Gen Intel(R) Core(TM) i5-12400, 12 cores, 7G,  Windows 11 , 64 bit Build 22621 (10.0.22621.3672)
Time: Thu Jun 13 22:27:56 2024 SA Pacific Standard Time elapsed time: 0.665433 seconds (0d 0h 0m 0s)

---------------  T H R E A D  ---------------

Current thread (0x0000021f17dd4e60):  JavaThread "C2 CompilerThread0" daemon [_thread_in_native, id=8280, stack(0x000000691b300000,0x000000691b400000) (1024K)]


Current CompileTask:
C2:665 1138   !   4       java.io.BufferedInputStream::read (69 bytes)

Stack: [0x000000691b300000,0x000000691b400000]
Native frames: (J=compiled Java code, j=interpreted, Vv=VM code, C=native code)
V  [jvm.dll+0x6e2279]  (no source info available)
V  [jvm.dll+0x874e33]  (no source info available)
V  [jvm.dll+0x87725e]  (no source info available)
V  [jvm.dll+0x877933]  (no source info available)
V  [jvm.dll+0x27fd76]  (no source info available)
V  [jvm.dll+0xc3d0f]  (no source info available)
V  [jvm.dll+0xc3f6b]  (no source info available)
V  [jvm.dll+0x3bb10c]  (no source info available)
V  [jvm.dll+0x1df67c]  (no source info available)
V  [jvm.dll+0x247a5c]  (no source info available)
V  [jvm.dll+0x246fbf]  (no source info available)
V  [jvm.dll+0x1c4e90]  (no source info available)
V  [jvm.dll+0x2569fe]  (no source info available)
V  [jvm.dll+0x254cba]  (no source info available)
V  [jvm.dll+0x3f5336]  (no source info available)
V  [jvm.dll+0x81d44b]  (no source info available)
V  [jvm.dll+0x6e0915]  (no source info available)
C  [ucrtbase.dll+0x29333]  (no source info available)
C  [KERNEL32.DLL+0x1257d]  (no source info available)
C  [ntdll.dll+0x5aa48]  (no source info available)


---------------  P R O C E S S  ---------------

Threads class SMR info:
_java_thread_list=0x0000021f5da5c4f0, length=18, elements={
0x0000021f78f82ee0, 0x0000021f17dba780, 0x0000021f17dbc3a0, 0x0000021f17dbdaf0,
0x0000021f17dbe8b0, 0x0000021f17dc4690, 0x0000021f17dcd3e0, 0x0000021f17dd4e60,
0x0000021f17dd5910, 0x0000021f5d0c9dc0, 0x0000021f5d1efad0, 0x0000021f5d0c7660,
0x0000021f5d0ca450, 0x0000021f5d0c90a0, 0x0000021f5d0c8380, 0x0000021f5d0c7cf0,
0x0000021f5d0c6fd0, 0x0000021f5d0c8a10
}

Java Threads: ( => current thread )
  0x0000021f78f82ee0 JavaThread "main"                              [_thread_in_vm, id=12852, stack(0x000000691a500000,0x000000691a600000) (1024K)]
  0x0000021f17dba780 JavaThread "Reference Handler"          daemon [_thread_blocked, id=15772, stack(0x000000691ad00000,0x000000691ae00000) (1024K)]
  0x0000021f17dbc3a0 JavaThread "Finalizer"                  daemon [_thread_blocked, id=19988, stack(0x000000691ae00000,0x000000691af00000) (1024K)]
  0x0000021f17dbdaf0 JavaThread "Signal Dispatcher"          daemon [_thread_blocked, id=9360, stack(0x000000691af00000,0x000000691b000000) (1024K)]
  0x0000021f17dbe8b0 JavaThread "Attach Listener"            daemon [_thread_blocked, id=10924, stack(0x000000691b000000,0x000000691b100000) (1024K)]
  0x0000021f17dc4690 JavaThread "Service Thread"             daemon [_thread_blocked, id=15556, stack(0x000000691b100000,0x000000691b200000) (1024K)]
  0x0000021f17dcd3e0 JavaThread "Monitor Deflation Thread"   daemon [_thread_blocked, id=1368, stack(0x000000691b200000,0x000000691b300000) (1024K)]
=>0x0000021f17dd4e60 JavaThread "C2 CompilerThread0"         daemon [_thread_in_native, id=8280, stack(0x000000691b300000,0x000000691b400000) (1024K)]
  0x0000021f17dd5910 JavaThread "C1 CompilerThread0"         daemon [_thread_blocked, id=14196, stack(0x000000691b400000,0x000000691b500000) (1024K)]
  0x0000021f5d0c9dc0 JavaThread "Common-Cleaner"             daemon [_thread_blocked, id=4028, stack(0x000000691b500000,0x000000691b600000) (1024K)]
  0x0000021f5d1efad0 JavaThread "C2 CompilerThread1"         daemon [_thread_in_native, id=13120, stack(0x000000691b600000,0x000000691b700000) (1024K)]
  0x0000021f5d0c7660 JavaThread "Monitor Ctrl-Break"         daemon [_thread_in_native, id=17416, stack(0x000000691b700000,0x000000691b800000) (1024K)]
  0x0000021f5d0ca450 JavaThread "Notification Thread"        daemon [_thread_blocked, id=7744, stack(0x000000691b800000,0x000000691b900000) (1024K)]
  0x0000021f5d0c90a0 JavaThread "Java2D Disposer"            daemon [_thread_blocked, id=3444, stack(0x000000691b900000,0x000000691ba00000) (1024K)]
  0x0000021f5d0c8380 JavaThread "AWT-Shutdown"                      [_thread_blocked, id=14980, stack(0x000000691ba00000,0x000000691bb00000) (1024K)]
  0x0000021f5d0c7cf0 JavaThread "AWT-Windows"                daemon [_thread_in_native, id=9004, stack(0x000000691bb00000,0x000000691bc00000) (1024K)]
  0x0000021f5d0c6fd0 JavaThread "Image Fetcher 0"            daemon [_thread_blocked, id=11656, stack(0x000000691bc00000,0x000000691bd00000) (1024K)]
  0x0000021f5d0c8a10 JavaThread "AWT-EventQueue-0"                  [_thread_blocked, id=15468, stack(0x000000691bd00000,0x000000691be00000) (1024K)]
Total: 18

Other Threads:
  0x0000021f17d9f8b0 VMThread "VM Thread"                           [id=12632, stack(0x000000691ac00000,0x000000691ad00000) (1024K)]
  0x0000021f17d85bf0 WatcherThread "VM Periodic Task Thread"        [id=14612, stack(0x000000691ab00000,0x000000691ac00000) (1024K)]
  0x0000021f7b2335e0 WorkerThread "GC Thread#0"                     [id=3592, stack(0x000000691a600000,0x000000691a700000) (1024K)]
  0x0000021f7904dda0 ConcurrentGCThread "G1 Main Marker"            [id=4492, stack(0x000000691a700000,0x000000691a800000) (1024K)]
  0x0000021f7904e8b0 WorkerThread "G1 Conc#0"                       [id=14056, stack(0x000000691a800000,0x000000691a900000) (1024K)]
  0x0000021f7b29e490 ConcurrentGCThread "G1 Refine#0"               [id=15532, stack(0x000000691a900000,0x000000691aa00000) (1024K)]
  0x0000021f17c5b6a0 ConcurrentGCThread "G1 Service"                [id=16596, stack(0x000000691aa00000,0x000000691ab00000) (1024K)]
Total: 7

Threads with active compile tasks:
C2 CompilerThread0  710 1138   !   4       java.io.BufferedInputStream::read (69 bytes)
C2 CompilerThread1  710 1160       4       sun.awt.image.PNGImageDecoder::filterRow (460 bytes)
Total: 2

VM state: not at safepoint (normal execution)

VM Mutex/Monitor currently owned by a thread: None

Heap address: 0x0000000084000000, size: 1984 MB, Compressed Oops mode: 32-bit

CDS archive(s) mapped at: [0x0000021f18000000-0x0000021f18c50000-0x0000021f18c50000), size 12910592, SharedBaseAddress: 0x0000021f18000000, ArchiveRelocationMode: 1.
Compressed class space mapped at: 0x0000021f19000000-0x0000021f59000000, reserved size: 1073741824
Narrow klass base: 0x0000021f18000000, Narrow klass shift: 0, Narrow klass range: 0x41000000

GC Precious Log:
 CardTable entry size: 512
 Card Set container configuration: InlinePtr #cards 5 size 8 Array Of Cards #cards 12 size 40 Howl #buckets 4 coarsen threshold 1843 Howl Bitmap #cards 512 size 80 coarsen threshold 460 Card regions per heap region 1 cards per card region 2048
 CPUs: 12 total, 12 available
 Memory: 7933M
 Large Page Support: Disabled
 NUMA Support: Disabled
 Compressed Oops: Enabled (32-bit)
 Heap Region Size: 1M
 Heap Min Capacity: 8M
 Heap Initial Capacity: 124M
 Heap Max Capacity: 1984M
 Pre-touch: Disabled
 Parallel Workers: 10
 Concurrent Workers: 3
 Concurrent Refinement Workers: 10
 Periodic GC: Disabled

Heap:
 garbage-first heap   total reserved 2031616K, committed 126976K, used 28672K [0x0000000084000000, 0x0000000100000000)
  region size 1024K, 21 young (21504K), 0 survivors (0K)
 Metaspace       used 9274K, committed 9536K, reserved 1114112K
  class space    used 1056K, committed 1216K, reserved 1048576K

Heap Regions: E=young(eden), S=young(survivor), O=old, HS=humongous(starts), HC=humongous(continues), CS=collection set, F=free, TAMS=top-at-mark-start, PB=parsable bottom
|   0|0x0000000084000000, 0x0000000084100000, 0x0000000084100000|100%|HS|  |TAMS 0x0000000084000000| PB 0x0000000084000000| Complete |  0
|   1|0x0000000084100000, 0x0000000084200000, 0x0000000084200000|100%|HS|  |TAMS 0x0000000084100000| PB 0x0000000084100000| Complete |  0
|   2|0x0000000084200000, 0x0000000084300000, 0x0000000084300000|100%|HC|  |TAMS 0x0000000084200000| PB 0x0000000084200000| Complete |  0
|   3|0x0000000084300000, 0x0000000084400000, 0x0000000084400000|100%|HC|  |TAMS 0x0000000084300000| PB 0x0000000084300000| Complete |  0
|   4|0x0000000084400000, 0x0000000084500000, 0x0000000084500000|100%|HS|  |TAMS 0x0000000084400000| PB 0x0000000084400000| Complete |  0
|   5|0x0000000084500000, 0x0000000084600000, 0x0000000084600000|100%|HC|  |TAMS 0x0000000084500000| PB 0x0000000084500000| Complete |  0
|   6|0x0000000084600000, 0x0000000084700000, 0x0000000084700000|100%|HC|  |TAMS 0x0000000084600000| PB 0x0000000084600000| Complete |  0
|   7|0x0000000084700000, 0x0000000084800000, 0x0000000084800000|100%|HC|  |TAMS 0x0000000084700000| PB 0x0000000084700000| Complete |  0
|   8|0x0000000084800000, 0x0000000084900000, 0x0000000084900000|100%|HC|  |TAMS 0x0000000084800000| PB 0x0000000084800000| Complete |  0
|   9|0x0000000084900000, 0x0000000084900000, 0x0000000084a00000|  0%| F|  |TAMS 0x0000000084900000| PB 0x0000000084900000| Untracked |  0
|  10|0x0000000084a00000, 0x0000000084a00000, 0x0000000084b00000|  0%| F|  |TAMS 0x0000000084a00000| PB 0x0000000084a00000| Untracked |  0
|  11|0x0000000084b00000, 0x0000000084b00000, 0x0000000084c00000|  0%| F|  |TAMS 0x0000000084b00000| PB 0x0000000084b00000| Untracked |  0
|  12|0x0000000084c00000, 0x0000000084c00000, 0x0000000084d00000|  0%| F|  |TAMS 0x0000000084c00000| PB 0x0000000084c00000| Untracked |  0
|  13|0x0000000084d00000, 0x0000000084d00000, 0x0000000084e00000|  0%| F|  |TAMS 0x0000000084d00000| PB 0x0000000084d00000| Untracked |  0
|  14|0x0000000084e00000, 0x0000000084e00000, 0x0000000084f00000|  0%| F|  |TAMS 0x0000000084e00000| PB 0x0000000084e00000| Untracked |  0
|  15|0x0000000084f00000, 0x0000000084f00000, 0x0000000085000000|  0%| F|  |TAMS 0x0000000084f00000| PB 0x0000000084f00000| Untracked |  0
|  16|0x0000000085000000, 0x0000000085000000, 0x0000000085100000|  0%| F|  |TAMS 0x0000000085000000| PB 0x0000000085000000| Untracked |  0
|  17|0x0000000085100000, 0x0000000085100000, 0x0000000085200000|  0%| F|  |TAMS 0x0000000085100000| PB 0x0000000085100000| Untracked |  0
|  18|0x0000000085200000, 0x0000000085200000, 0x0000000085300000|  0%| F|  |TAMS 0x0000000085200000| PB 0x0000000085200000| Untracked |  0
|  19|0x0000000085300000, 0x0000000085300000, 0x0000000085400000|  0%| F|  |TAMS 0x0000000085300000| PB 0x0000000085300000| Untracked |  0
|  20|0x0000000085400000, 0x0000000085400000, 0x0000000085500000|  0%| F|  |TAMS 0x0000000085400000| PB 0x0000000085400000| Untracked |  0
|  21|0x0000000085500000, 0x0000000085500000, 0x0000000085600000|  0%| F|  |TAMS 0x0000000085500000| PB 0x0000000085500000| Untracked |  0
|  22|0x0000000085600000, 0x0000000085600000, 0x0000000085700000|  0%| F|  |TAMS 0x0000000085600000| PB 0x0000000085600000| Untracked |  0
|  23|0x0000000085700000, 0x0000000085700000, 0x0000000085800000|  0%| F|  |TAMS 0x0000000085700000| PB 0x0000000085700000| Untracked |  0
|  24|0x0000000085800000, 0x0000000085800000, 0x0000000085900000|  0%| F|  |TAMS 0x0000000085800000| PB 0x0000000085800000| Untracked |  0
|  25|0x0000000085900000, 0x0000000085900000, 0x0000000085a00000|  0%| F|  |TAMS 0x0000000085900000| PB 0x0000000085900000| Untracked |  0
|  26|0x0000000085a00000, 0x0000000085a00000, 0x0000000085b00000|  0%| F|  |TAMS 0x0000000085a00000| PB 0x0000000085a00000| Untracked |  0
|  27|0x0000000085b00000, 0x0000000085b00000, 0x0000000085c00000|  0%| F|  |TAMS 0x0000000085b00000| PB 0x0000000085b00000| Untracked |  0
|  28|0x0000000085c00000, 0x0000000085c00000, 0x0000000085d00000|  0%| F|  |TAMS 0x0000000085c00000| PB 0x0000000085c00000| Untracked |  0
|  29|0x0000000085d00000, 0x0000000085d00000, 0x0000000085e00000|  0%| F|  |TAMS 0x0000000085d00000| PB 0x0000000085d00000| Untracked |  0
|  30|0x0000000085e00000, 0x0000000085e00000, 0x0000000085f00000|  0%| F|  |TAMS 0x0000000085e00000| PB 0x0000000085e00000| Untracked |  0
|  31|0x0000000085f00000, 0x0000000085f00000, 0x0000000086000000|  0%| F|  |TAMS 0x0000000085f00000| PB 0x0000000085f00000| Untracked |  0
|  32|0x0000000086000000, 0x0000000086000000, 0x0000000086100000|  0%| F|  |TAMS 0x0000000086000000| PB 0x0000000086000000| Untracked |  0
|  33|0x0000000086100000, 0x0000000086100000, 0x0000000086200000|  0%| F|  |TAMS 0x0000000086100000| PB 0x0000000086100000| Untracked |  0
|  34|0x0000000086200000, 0x0000000086200000, 0x0000000086300000|  0%| F|  |TAMS 0x0000000086200000| PB 0x0000000086200000| Untracked |  0
|  35|0x0000000086300000, 0x0000000086300000, 0x0000000086400000|  0%| F|  |TAMS 0x0000000086300000| PB 0x0000000086300000| Untracked |  0
|  36|0x0000000086400000, 0x0000000086400000, 0x0000000086500000|  0%| F|  |TAMS 0x0000000086400000| PB 0x0000000086400000| Untracked |  0
|  37|0x0000000086500000, 0x0000000086500000, 0x0000000086600000|  0%| F|  |TAMS 0x0000000086500000| PB 0x0000000086500000| Untracked |  0
|  38|0x0000000086600000, 0x0000000086600000, 0x0000000086700000|  0%| F|  |TAMS 0x0000000086600000| PB 0x0000000086600000| Untracked |  0
|  39|0x0000000086700000, 0x0000000086700000, 0x0000000086800000|  0%| F|  |TAMS 0x0000000086700000| PB 0x0000000086700000| Untracked |  0
|  40|0x0000000086800000, 0x0000000086800000, 0x0000000086900000|  0%| F|  |TAMS 0x0000000086800000| PB 0x0000000086800000| Untracked |  0
|  41|0x0000000086900000, 0x0000000086900000, 0x0000000086a00000|  0%| F|  |TAMS 0x0000000086900000| PB 0x0000000086900000| Untracked |  0
|  42|0x0000000086a00000, 0x0000000086a00000, 0x0000000086b00000|  0%| F|  |TAMS 0x0000000086a00000| PB 0x0000000086a00000| Untracked |  0
|  43|0x0000000086b00000, 0x0000000086b00000, 0x0000000086c00000|  0%| F|  |TAMS 0x0000000086b00000| PB 0x0000000086b00000| Untracked |  0
|  44|0x0000000086c00000, 0x0000000086c00000, 0x0000000086d00000|  0%| F|  |TAMS 0x0000000086c00000| PB 0x0000000086c00000| Untracked |  0
|  45|0x0000000086d00000, 0x0000000086d00000, 0x0000000086e00000|  0%| F|  |TAMS 0x0000000086d00000| PB 0x0000000086d00000| Untracked |  0
|  46|0x0000000086e00000, 0x0000000086e00000, 0x0000000086f00000|  0%| F|  |TAMS 0x0000000086e00000| PB 0x0000000086e00000| Untracked |  0
|  47|0x0000000086f00000, 0x0000000086f00000, 0x0000000087000000|  0%| F|  |TAMS 0x0000000086f00000| PB 0x0000000086f00000| Untracked |  0
|  48|0x0000000087000000, 0x0000000087000000, 0x0000000087100000|  0%| F|  |TAMS 0x0000000087000000| PB 0x0000000087000000| Untracked |  0
|  49|0x0000000087100000, 0x0000000087100000, 0x0000000087200000|  0%| F|  |TAMS 0x0000000087100000| PB 0x0000000087100000| Untracked |  0
|  50|0x0000000087200000, 0x0000000087200000, 0x0000000087300000|  0%| F|  |TAMS 0x0000000087200000| PB 0x0000000087200000| Untracked |  0
|  51|0x0000000087300000, 0x0000000087300000, 0x0000000087400000|  0%| F|  |TAMS 0x0000000087300000| PB 0x0000000087300000| Untracked |  0
|  52|0x0000000087400000, 0x0000000087400000, 0x0000000087500000|  0%| F|  |TAMS 0x0000000087400000| PB 0x0000000087400000| Untracked |  0
|  53|0x0000000087500000, 0x0000000087500000, 0x0000000087600000|  0%| F|  |TAMS 0x0000000087500000| PB 0x0000000087500000| Untracked |  0
|  54|0x0000000087600000, 0x0000000087600000, 0x0000000087700000|  0%| F|  |TAMS 0x0000000087600000| PB 0x0000000087600000| Untracked |  0
|  55|0x0000000087700000, 0x0000000087700000, 0x0000000087800000|  0%| F|  |TAMS 0x0000000087700000| PB 0x0000000087700000| Untracked |  0
|  56|0x0000000087800000, 0x0000000087800000, 0x0000000087900000|  0%| F|  |TAMS 0x0000000087800000| PB 0x0000000087800000| Untracked |  0
|  57|0x0000000087900000, 0x0000000087900000, 0x0000000087a00000|  0%| F|  |TAMS 0x0000000087900000| PB 0x0000000087900000| Untracked |  0
|  58|0x0000000087a00000, 0x0000000087a00000, 0x0000000087b00000|  0%| F|  |TAMS 0x0000000087a00000| PB 0x0000000087a00000| Untracked |  0
|  59|0x0000000087b00000, 0x0000000087b00000, 0x0000000087c00000|  0%| F|  |TAMS 0x0000000087b00000| PB 0x0000000087b00000| Untracked |  0
|  60|0x0000000087c00000, 0x0000000087c00000, 0x0000000087d00000|  0%| F|  |TAMS 0x0000000087c00000| PB 0x0000000087c00000| Untracked |  0
|  61|0x0000000087d00000, 0x0000000087d00000, 0x0000000087e00000|  0%| F|  |TAMS 0x0000000087d00000| PB 0x0000000087d00000| Untracked |  0
|  62|0x0000000087e00000, 0x0000000087e00000, 0x0000000087f00000|  0%| F|  |TAMS 0x0000000087e00000| PB 0x0000000087e00000| Untracked |  0
|  63|0x0000000087f00000, 0x0000000087f00000, 0x0000000088000000|  0%| F|  |TAMS 0x0000000087f00000| PB 0x0000000087f00000| Untracked |  0
|  64|0x0000000088000000, 0x0000000088000000, 0x0000000088100000|  0%| F|  |TAMS 0x0000000088000000| PB 0x0000000088000000| Untracked |  0
|  65|0x0000000088100000, 0x0000000088100000, 0x0000000088200000|  0%| F|  |TAMS 0x0000000088100000| PB 0x0000000088100000| Untracked |  0
|  66|0x0000000088200000, 0x0000000088200000, 0x0000000088300000|  0%| F|  |TAMS 0x0000000088200000| PB 0x0000000088200000| Untracked |  0
|  67|0x0000000088300000, 0x0000000088300000, 0x0000000088400000|  0%| F|  |TAMS 0x0000000088300000| PB 0x0000000088300000| Untracked |  0
|  68|0x0000000088400000, 0x0000000088400000, 0x0000000088500000|  0%| F|  |TAMS 0x0000000088400000| PB 0x0000000088400000| Untracked |  0
|  69|0x0000000088500000, 0x0000000088500000, 0x0000000088600000|  0%| F|  |TAMS 0x0000000088500000| PB 0x0000000088500000| Untracked |  0
|  70|0x0000000088600000, 0x0000000088600000, 0x0000000088700000|  0%| F|  |TAMS 0x0000000088600000| PB 0x0000000088600000| Untracked |  0
|  71|0x0000000088700000, 0x0000000088700000, 0x0000000088800000|  0%| F|  |TAMS 0x0000000088700000| PB 0x0000000088700000| Untracked |  0
|  72|0x0000000088800000, 0x0000000088800000, 0x0000000088900000|  0%| F|  |TAMS 0x0000000088800000| PB 0x0000000088800000| Untracked |  0
|  73|0x0000000088900000, 0x0000000088900000, 0x0000000088a00000|  0%| F|  |TAMS 0x0000000088900000| PB 0x0000000088900000| Untracked |  0
|  74|0x0000000088a00000, 0x0000000088a00000, 0x0000000088b00000|  0%| F|  |TAMS 0x0000000088a00000| PB 0x0000000088a00000| Untracked |  0
|  75|0x0000000088b00000, 0x0000000088b00000, 0x0000000088c00000|  0%| F|  |TAMS 0x0000000088b00000| PB 0x0000000088b00000| Untracked |  0
|  76|0x0000000088c00000, 0x0000000088c00000, 0x0000000088d00000|  0%| F|  |TAMS 0x0000000088c00000| PB 0x0000000088c00000| Untracked |  0
|  77|0x0000000088d00000, 0x0000000088d00000, 0x0000000088e00000|  0%| F|  |TAMS 0x0000000088d00000| PB 0x0000000088d00000| Untracked |  0
|  78|0x0000000088e00000, 0x0000000088e00000, 0x0000000088f00000|  0%| F|  |TAMS 0x0000000088e00000| PB 0x0000000088e00000| Untracked |  0
|  79|0x0000000088f00000, 0x0000000088f00000, 0x0000000089000000|  0%| F|  |TAMS 0x0000000088f00000| PB 0x0000000088f00000| Untracked |  0
|  80|0x0000000089000000, 0x0000000089000000, 0x0000000089100000|  0%| F|  |TAMS 0x0000000089000000| PB 0x0000000089000000| Untracked |  0
|  81|0x0000000089100000, 0x0000000089100000, 0x0000000089200000|  0%| F|  |TAMS 0x0000000089100000| PB 0x0000000089100000| Untracked |  0
|  82|0x0000000089200000, 0x0000000089200000, 0x0000000089300000|  0%| F|  |TAMS 0x0000000089200000| PB 0x0000000089200000| Untracked |  0
|  83|0x0000000089300000, 0x0000000089300000, 0x0000000089400000|  0%| F|  |TAMS 0x0000000089300000| PB 0x0000000089300000| Untracked |  0
|  84|0x0000000089400000, 0x0000000089400000, 0x0000000089500000|  0%| F|  |TAMS 0x0000000089400000| PB 0x0000000089400000| Untracked |  0
|  85|0x0000000089500000, 0x0000000089500000, 0x0000000089600000|  0%| F|  |TAMS 0x0000000089500000| PB 0x0000000089500000| Untracked |  0
|  86|0x0000000089600000, 0x0000000089600000, 0x0000000089700000|  0%| F|  |TAMS 0x0000000089600000| PB 0x0000000089600000| Untracked |  0
|  87|0x0000000089700000, 0x0000000089700000, 0x0000000089800000|  0%| F|  |TAMS 0x0000000089700000| PB 0x0000000089700000| Untracked |  0
|  88|0x0000000089800000, 0x0000000089800000, 0x0000000089900000|  0%| F|  |TAMS 0x0000000089800000| PB 0x0000000089800000| Untracked |  0
|  89|0x0000000089900000, 0x0000000089900000, 0x0000000089a00000|  0%| F|  |TAMS 0x0000000089900000| PB 0x0000000089900000| Untracked |  0
|  90|0x0000000089a00000, 0x0000000089a00000, 0x0000000089b00000|  0%| F|  |TAMS 0x0000000089a00000| PB 0x0000000089a00000| Untracked |  0
|  91|0x0000000089b00000, 0x0000000089b00000, 0x0000000089c00000|  0%| F|  |TAMS 0x0000000089b00000| PB 0x0000000089b00000| Untracked |  0
|  92|0x0000000089c00000, 0x0000000089c00000, 0x0000000089d00000|  0%| F|  |TAMS 0x0000000089c00000| PB 0x0000000089c00000| Untracked |  0
|  93|0x0000000089d00000, 0x0000000089d00000, 0x0000000089e00000|  0%| F|  |TAMS 0x0000000089d00000| PB 0x0000000089d00000| Untracked |  0
|  94|0x0000000089e00000, 0x0000000089e00000, 0x0000000089f00000|  0%| F|  |TAMS 0x0000000089e00000| PB 0x0000000089e00000| Untracked |  0
|  95|0x0000000089f00000, 0x0000000089f00000, 0x000000008a000000|  0%| F|  |TAMS 0x0000000089f00000| PB 0x0000000089f00000| Untracked |  0
|  96|0x000000008a000000, 0x000000008a000000, 0x000000008a100000|  0%| F|  |TAMS 0x000000008a000000| PB 0x000000008a000000| Untracked |  0
|  97|0x000000008a100000, 0x000000008a100000, 0x000000008a200000|  0%| F|  |TAMS 0x000000008a100000| PB 0x000000008a100000| Untracked |  0
|  98|0x000000008a200000, 0x000000008a200000, 0x000000008a300000|  0%| F|  |TAMS 0x000000008a200000| PB 0x000000008a200000| Untracked |  0
|  99|0x000000008a300000, 0x000000008a300000, 0x000000008a400000|  0%| F|  |TAMS 0x000000008a300000| PB 0x000000008a300000| Untracked |  0
| 100|0x000000008a400000, 0x000000008a400000, 0x000000008a500000|  0%| F|  |TAMS 0x000000008a400000| PB 0x000000008a400000| Untracked |  0
| 101|0x000000008a500000, 0x000000008a500000, 0x000000008a600000|  0%| F|  |TAMS 0x000000008a500000| PB 0x000000008a500000| Untracked |  0
| 102|0x000000008a600000, 0x000000008a600000, 0x000000008a700000|  0%| F|  |TAMS 0x000000008a600000| PB 0x000000008a600000| Untracked |  0
| 103|0x000000008a700000, 0x000000008a7f86f0, 0x000000008a800000| 97%| E|  |TAMS 0x000000008a700000| PB 0x000000008a700000| Complete |  0
| 104|0x000000008a800000, 0x000000008a900000, 0x000000008a900000|100%| E|CS|TAMS 0x000000008a800000| PB 0x000000008a800000| Complete |  0
| 105|0x000000008a900000, 0x000000008aa00000, 0x000000008aa00000|100%| E|CS|TAMS 0x000000008a900000| PB 0x000000008a900000| Complete |  0
| 106|0x000000008aa00000, 0x000000008ab00000, 0x000000008ab00000|100%| E|CS|TAMS 0x000000008aa00000| PB 0x000000008aa00000| Complete |  0
| 107|0x000000008ab00000, 0x000000008ac00000, 0x000000008ac00000|100%| E|CS|TAMS 0x000000008ab00000| PB 0x000000008ab00000| Complete |  0
| 108|0x000000008ac00000, 0x000000008ad00000, 0x000000008ad00000|100%| E|CS|TAMS 0x000000008ac00000| PB 0x000000008ac00000| Complete |  0
| 109|0x000000008ad00000, 0x000000008ae00000, 0x000000008ae00000|100%| E|  |TAMS 0x000000008ad00000| PB 0x000000008ad00000| Complete |  0
| 110|0x000000008ae00000, 0x000000008af00000, 0x000000008af00000|100%| E|CS|TAMS 0x000000008ae00000| PB 0x000000008ae00000| Complete |  0
| 111|0x000000008af00000, 0x000000008b000000, 0x000000008b000000|100%| E|CS|TAMS 0x000000008af00000| PB 0x000000008af00000| Complete |  0
| 112|0x000000008b000000, 0x000000008b100000, 0x000000008b100000|100%| E|CS|TAMS 0x000000008b000000| PB 0x000000008b000000| Complete |  0
| 113|0x000000008b100000, 0x000000008b200000, 0x000000008b200000|100%| E|CS|TAMS 0x000000008b100000| PB 0x000000008b100000| Complete |  0
| 114|0x000000008b200000, 0x000000008b300000, 0x000000008b300000|100%| E|CS|TAMS 0x000000008b200000| PB 0x000000008b200000| Complete |  0
| 115|0x000000008b300000, 0x000000008b400000, 0x000000008b400000|100%| E|CS|TAMS 0x000000008b300000| PB 0x000000008b300000| Complete |  0
| 116|0x000000008b400000, 0x000000008b500000, 0x000000008b500000|100%| E|CS|TAMS 0x000000008b400000| PB 0x000000008b400000| Complete |  0
| 117|0x000000008b500000, 0x000000008b600000, 0x000000008b600000|100%| E|CS|TAMS 0x000000008b500000| PB 0x000000008b500000| Complete |  0
| 118|0x000000008b600000, 0x000000008b700000, 0x000000008b700000|100%| E|CS|TAMS 0x000000008b600000| PB 0x000000008b600000| Complete |  0
| 119|0x000000008b700000, 0x000000008b800000, 0x000000008b800000|100%| E|CS|TAMS 0x000000008b700000| PB 0x000000008b700000| Complete |  0
| 120|0x000000008b800000, 0x000000008b900000, 0x000000008b900000|100%| E|CS|TAMS 0x000000008b800000| PB 0x000000008b800000| Complete |  0
| 121|0x000000008b900000, 0x000000008ba00000, 0x000000008ba00000|100%| E|CS|TAMS 0x000000008b900000| PB 0x000000008b900000| Complete |  0
| 122|0x000000008ba00000, 0x000000008bb00000, 0x000000008bb00000|100%| E|CS|TAMS 0x000000008ba00000| PB 0x000000008ba00000| Complete |  0
| 123|0x000000008bb00000, 0x000000008bc00000, 0x000000008bc00000|100%| E|CS|TAMS 0x000000008bb00000| PB 0x000000008bb00000| Complete |  0

Card table byte_map: [0x0000021f7bbd0000,0x0000021f7bfb0000] _byte_map_base: 0x0000021f7b7b0000

Marking Bits: (CMBitMap*) 0x0000021f7b233cf0
 Bits: [0x0000021f7bfb0000, 0x0000021f7deb0000)

Polling page: 0x0000021f79190000

Metaspace:

Usage:
  Non-class:      8.08 MB used.
      Class:      1.05 MB used.
       Both:      9.12 MB used.

Virtual space:
  Non-class space:       64.00 MB reserved,       8.19 MB ( 13%) committed,  1 nodes.
      Class space:        1.00 GB reserved,       1.19 MB ( <1%) committed,  1 nodes.
             Both:        1.06 GB reserved,       9.38 MB ( <1%) committed. 

Chunk freelists:
   Non-Class:  7.00 MB
       Class:  14.74 MB
        Both:  21.74 MB

MaxMetaspaceSize: unlimited
CompressedClassSpaceSize: 1.00 GB
Initial GC threshold: 21.00 MB
Current GC threshold: 21.00 MB
CDS: on
 - commit_granule_bytes: 65536.
 - commit_granule_words: 8192.
 - virtual_space_node_default_size: 8388608.
 - enlarge_chunks_in_place: 1.
 - use_allocation_guard: 0.


Internal statistics:

num_allocs_failed_limit: 0.
num_arena_births: 166.
num_arena_deaths: 0.
num_vsnodes_births: 2.
num_vsnodes_deaths: 0.
num_space_committed: 150.
num_space_uncommitted: 0.
num_chunks_returned_to_freelist: 0.
num_chunks_taken_from_freelist: 228.
num_chunk_merges: 0.
num_chunk_splits: 130.
num_chunks_enlarged: 51.
num_inconsistent_stats: 0.

CodeHeap 'non-profiled nmethods': size=120000Kb used=375Kb max_used=375Kb free=119624Kb
 bounds [0x0000021f0fd50000, 0x0000021f0ffc0000, 0x0000021f17280000]
CodeHeap 'profiled nmethods': size=120000Kb used=2002Kb max_used=2002Kb free=117997Kb
 bounds [0x0000021f08280000, 0x0000021f084f0000, 0x0000021f0f7b0000]
CodeHeap 'non-nmethods': size=5760Kb used=1588Kb max_used=1614Kb free=4171Kb
 bounds [0x0000021f0f7b0000, 0x0000021f0fa20000, 0x0000021f0fd50000]
 total_blobs=1891 nmethods=1243 adapters=553
 compilation: enabled
              stopped_count=0, restarted_count=0
 full_count=0

Compilation events (20 events):
Event: 0.657 Thread 0x0000021f17dd5910 1176       3       java.awt.Component::getToolkitImpl (18 bytes)
Event: 0.657 Thread 0x0000021f17dd5910 nmethod 1176 0x0000021f08457810 code [0x0000021f084579e0, 0x0000021f08457c98]
Event: 0.657 Thread 0x0000021f17dd5910 1179       3       java.awt.Component::isDisplayable (13 bytes)
Event: 0.657 Thread 0x0000021f17dd5910 nmethod 1179 0x0000021f08457d90 code [0x0000021f08457f20, 0x0000021f08458080]
Event: 0.657 Thread 0x0000021f17dd5910 1178       3       java.awt.Container::proxyEnableEvents (44 bytes)
Event: 0.657 Thread 0x0000021f17dd5910 nmethod 1178 0x0000021f08458110 code [0x0000021f084582e0, 0x0000021f084586c8]
Event: 0.657 Thread 0x0000021f17dd5910 1177       3       java.awt.Component::isVisible (5 bytes)
Event: 0.658 Thread 0x0000021f17dd5910 nmethod 1177 0x0000021f08458810 code [0x0000021f084589a0, 0x0000021f08458ac8]
Event: 0.658 Thread 0x0000021f17dd5910 1180       3       java.awt.Component::getSiblingIndexAbove (33 bytes)
Event: 0.658 Thread 0x0000021f17dd5910 nmethod 1180 0x0000021f08458b90 code [0x0000021f08458da0, 0x0000021f084592d0]
Event: 0.658 Thread 0x0000021f17dd5910 1181   !   3       java.awt.Container::getComponentZOrder (43 bytes)
Event: 0.658 Thread 0x0000021f17dd5910 nmethod 1181 0x0000021f08459490 code [0x0000021f08459660, 0x0000021f08459ab0]
Event: 0.658 Thread 0x0000021f17dd5910 1182   !   3       java.awt.Container::getComponent (29 bytes)
Event: 0.658 Thread 0x0000021f17dd5910 nmethod 1182 0x0000021f08459c90 code [0x0000021f08459e60, 0x0000021f0845a238]
Event: 0.658 Thread 0x0000021f17dd5910 1183       1       java.awt.Container::getLayout (5 bytes)
Event: 0.658 Thread 0x0000021f17dd5910 nmethod 1183 0x0000021f0fda9410 code [0x0000021f0fda95a0, 0x0000021f0fda9670]
Event: 0.658 Thread 0x0000021f17dd5910 1184       1       java.awt.Component::isMinimumSizeSet (5 bytes)
Event: 0.658 Thread 0x0000021f17dd5910 nmethod 1184 0x0000021f0fda9710 code [0x0000021f0fda98a0, 0x0000021f0fda9970]
Event: 0.658 Thread 0x0000021f17dd5910 1185       1       java.awt.Component::isMaximumSizeSet (5 bytes)
Event: 0.658 Thread 0x0000021f17dd5910 nmethod 1185 0x0000021f0fda9a10 code [0x0000021f0fda9ba0, 0x0000021f0fda9c70]

GC Heap History (0 events):
No events

Dll operation events (14 events):
Event: 0.008 Loaded shared library C:\Users\kacor\.jdks\openjdk-22.0.1\bin\java.dll
Event: 0.035 Loaded shared library C:\Users\kacor\.jdks\openjdk-22.0.1\bin\jsvml.dll
Event: 0.061 Loaded shared library C:\Users\kacor\.jdks\openjdk-22.0.1\bin\zip.dll
Event: 0.066 Loaded shared library C:\Users\kacor\.jdks\openjdk-22.0.1\bin\instrument.dll
Event: 0.069 Loaded shared library C:\Users\kacor\.jdks\openjdk-22.0.1\bin\net.dll
Event: 0.071 Loaded shared library C:\Users\kacor\.jdks\openjdk-22.0.1\bin\nio.dll
Event: 0.072 Loaded shared library C:\Users\kacor\.jdks\openjdk-22.0.1\bin\zip.dll
Event: 0.086 Loaded shared library C:\Program Files\JetBrains\IntelliJ IDEA 2023.3.4\bin\breakgen64.dll
Event: 0.095 Loaded shared library C:\Users\kacor\.jdks\openjdk-22.0.1\bin\extnet.dll
Event: 0.096 Loaded shared library C:\Users\kacor\.jdks\openjdk-22.0.1\bin\jimage.dll
Event: 0.115 Loaded shared library C:\Users\kacor\.jdks\openjdk-22.0.1\bin\awt.dll
Event: 0.392 Loaded shared library C:\Users\kacor\.jdks\openjdk-22.0.1\bin\freetype.dll
Event: 0.395 Loaded shared library C:\Users\kacor\.jdks\openjdk-22.0.1\bin\fontmanager.dll
Event: 0.585 Loaded shared library C:\Users\kacor\.jdks\openjdk-22.0.1\bin\javajpeg.dll

Deoptimization events (20 events):
Event: 0.592 Thread 0x0000021f5d0c6fd0 DEOPT PACKING pc=0x0000021f083d5fb5 sp=0x000000691bcff0b0
Event: 0.592 Thread 0x0000021f5d0c6fd0 DEOPT UNPACKING pc=0x0000021f0f804e42 sp=0x000000691bcfe520 mode 0
Event: 0.592 Thread 0x0000021f5d0c6fd0 DEOPT PACKING pc=0x0000021f083d5fb5 sp=0x000000691bcff0b0
Event: 0.592 Thread 0x0000021f5d0c6fd0 DEOPT UNPACKING pc=0x0000021f0f804e42 sp=0x000000691bcfe520 mode 0
Event: 0.593 Thread 0x0000021f5d0c6fd0 DEOPT PACKING pc=0x0000021f083d5fb5 sp=0x000000691bcff0b0
Event: 0.593 Thread 0x0000021f5d0c6fd0 DEOPT UNPACKING pc=0x0000021f0f804e42 sp=0x000000691bcfe520 mode 0
Event: 0.593 Thread 0x0000021f5d0c6fd0 DEOPT PACKING pc=0x0000021f083d5fb5 sp=0x000000691bcff0b0
Event: 0.593 Thread 0x0000021f5d0c6fd0 DEOPT UNPACKING pc=0x0000021f0f804e42 sp=0x000000691bcfe520 mode 0
Event: 0.593 Thread 0x0000021f5d0c6fd0 DEOPT PACKING pc=0x0000021f083d5fb5 sp=0x000000691bcff0b0
Event: 0.593 Thread 0x0000021f5d0c6fd0 DEOPT UNPACKING pc=0x0000021f0f804e42 sp=0x000000691bcfe520 mode 0
Event: 0.593 Thread 0x0000021f5d0c6fd0 DEOPT PACKING pc=0x0000021f083d5e26 sp=0x000000691bcff0b0
Event: 0.593 Thread 0x0000021f5d0c6fd0 DEOPT UNPACKING pc=0x0000021f0f804e42 sp=0x000000691bcfe520 mode 0
Event: 0.593 Thread 0x0000021f5d0c6fd0 DEOPT PACKING pc=0x0000021f083d5fb5 sp=0x000000691bcff0b0
Event: 0.593 Thread 0x0000021f5d0c6fd0 DEOPT UNPACKING pc=0x0000021f0f804e42 sp=0x000000691bcfe520 mode 0
Event: 0.593 Thread 0x0000021f5d0c6fd0 DEOPT PACKING pc=0x0000021f083d5fb5 sp=0x000000691bcff0b0
Event: 0.593 Thread 0x0000021f5d0c6fd0 DEOPT UNPACKING pc=0x0000021f0f804e42 sp=0x000000691bcfe520 mode 0
Event: 0.593 Thread 0x0000021f5d0c6fd0 DEOPT PACKING pc=0x0000021f083d5fb5 sp=0x000000691bcff0b0
Event: 0.593 Thread 0x0000021f5d0c6fd0 DEOPT UNPACKING pc=0x0000021f0f804e42 sp=0x000000691bcfe520 mode 0
Event: 0.593 Thread 0x0000021f5d0c6fd0 DEOPT PACKING pc=0x0000021f083d5fb5 sp=0x000000691bcff0b0
Event: 0.593 Thread 0x0000021f5d0c6fd0 DEOPT UNPACKING pc=0x0000021f0f804e42 sp=0x000000691bcfe520 mode 0

Classes loaded (20 events):
Event: 0.577 Loading class javax/swing/JTabbedPane$Page
Event: 0.577 Loading class javax/accessibility/AccessibleComponent
Event: 0.578 Loading class javax/accessibility/AccessibleComponent done
Event: 0.578 Loading class javax/accessibility/AccessibleValue
Event: 0.578 Loading class javax/accessibility/AccessibleValue done
Event: 0.578 Loading class javax/accessibility/AccessibleContext
Event: 0.578 Loading class javax/accessibility/AccessibleContext done
Event: 0.578 Loading class javax/swing/JTabbedPane$Page done
Event: 0.578 Loading class javax/accessibility/AccessibleContext$1
Event: 0.578 Loading class sun/awt/AWTAccessor$AccessibleContextAccessor
Event: 0.578 Loading class sun/awt/AWTAccessor$AccessibleContextAccessor done
Event: 0.578 Loading class javax/accessibility/AccessibleContext$1 done
Event: 0.578 Loading class javax/accessibility/AccessibleRelationSet
Event: 0.579 Loading class javax/accessibility/AccessibleRelationSet done
Event: 0.579 Loading class java/awt/event/ContainerEvent
Event: 0.579 Loading class java/awt/event/ContainerEvent done
Event: 0.581 Loading class sun/awt/image/JPEGImageDecoder
Event: 0.582 Loading class sun/awt/image/JPEGImageDecoder done
Event: 0.582 Loading class sun/awt/image/JPEGImageDecoder$1
Event: 0.582 Loading class sun/awt/image/JPEGImageDecoder$1 done

Classes unloaded (0 events):
No events

Classes redefined (0 events):
No events

Internal exceptions (15 events):
Event: 0.080 Thread 0x0000021f78f82ee0 Exception <a 'java/lang/NoSuchMethodError'{0x000000008b98ad48}: 'void java.lang.invoke.DirectMethodHandle$Holder.invokeStatic(java.lang.Object, java.lang.Object, java.lang.Object)'> (0x000000008b98ad48) 
thrown [s\open\src\hotspot\share\interpreter\linkResolver.cpp, line 774]
Event: 0.083 Thread 0x0000021f78f82ee0 Exception <a 'java/lang/NoSuchMethodError'{0x000000008b9a27e0}: 'java.lang.Object java.lang.invoke.Invokers$Holder.invokeExact_MT(java.lang.Object, java.lang.Object, java.lang.Object, java.lang.Object, java.lang.Object)'> (0x000000008b9a27e0) 
thrown [s\open\src\hotspot\share\interpreter\linkResolver.cpp, line 774]
Event: 0.096 Thread 0x0000021f5d0c7660 Exception <a 'java/lang/NoSuchMethodError'{0x000000008b9fe818}: 'void java.lang.invoke.DirectMethodHandle$Holder.invokeStatic(java.lang.Object, java.lang.Object)'> (0x000000008b9fe818) 
thrown [s\open\src\hotspot\share\interpreter\linkResolver.cpp, line 774]
Event: 0.102 Thread 0x0000021f78f82ee0 Exception <a 'java/lang/ClassNotFoundException'{0x000000008b9c5238}: sun/awt/resources/spi/awtProvider> (0x000000008b9c5238) 
thrown [s\open\src\hotspot\share\classfile\systemDictionary.cpp, line 313]
Event: 0.121 Thread 0x0000021f78f82ee0 Exception <a 'java/io/FileNotFoundException'{0x000000008b89b4c8}> (0x000000008b89b4c8) 
thrown [s\open\src\hotspot\share\prims\jni.cpp, line 520]
Event: 0.126 Thread 0x0000021f78f82ee0 Exception <a 'java/io/FileNotFoundException'{0x000000008b8c9500}> (0x000000008b8c9500) 
thrown [s\open\src\hotspot\share\prims\jni.cpp, line 520]
Event: 0.208 Thread 0x0000021f78f82ee0 Exception <a 'java/lang/NoSuchMethodError'{0x000000008b75f528}: 'void java.lang.invoke.DirectMethodHandle$Holder.invokeSpecial(java.lang.Object, java.lang.Object, java.lang.Object)'> (0x000000008b75f528) 
thrown [s\open\src\hotspot\share\interpreter\linkResolver.cpp, line 774]
Event: 0.214 Thread 0x0000021f78f82ee0 Exception <a 'java/lang/NoSuchMethodError'{0x000000008b60a880}: 'java.lang.Object java.lang.invoke.DirectMethodHandle$Holder.newInvokeSpecial(java.lang.Object, java.lang.Object, java.lang.Object, java.lang.Object, java.lang.Object)'> (0x000000008b60a880) 
thrown [s\open\src\hotspot\share\interpreter\linkResolver.cpp, line 774]
Event: 0.217 Thread 0x0000021f78f82ee0 Exception <a 'java/lang/NoSuchMethodError'{0x000000008b636f98}: 'java.lang.Object java.lang.invoke.DirectMethodHandle$Holder.invokeStatic(java.lang.Object, int, java.lang.Object)'> (0x000000008b636f98) 
thrown [s\open\src\hotspot\share\interpreter\linkResolver.cpp, line 774]
Event: 0.228 Thread 0x0000021f78f82ee0 Exception <a 'java/lang/ClassNotFoundException'{0x000000008b6d8f18}: com/sun/swing/internal/plaf/metal/resources/spi/metalProvider> (0x000000008b6d8f18) 
thrown [s\open\src\hotspot\share\classfile\systemDictionary.cpp, line 313]
Event: 0.229 Thread 0x0000021f78f82ee0 Exception <a 'java/lang/ClassNotFoundException'{0x000000008b6dcf18}: com/sun/swing/internal/plaf/basic/resources/spi/basicProvider> (0x000000008b6dcf18) 
thrown [s\open\src\hotspot\share\classfile\systemDictionary.cpp, line 313]
Event: 0.240 Thread 0x0000021f78f82ee0 Exception <a 'java/lang/NoSuchMethodError'{0x000000008b6f9710}: 'int java.lang.invoke.Invokers$Holder.invokeExact_MT(java.lang.Object, java.lang.Object)'> (0x000000008b6f9710) 
thrown [s\open\src\hotspot\share\interpreter\linkResolver.cpp, line 774]
Event: 0.323 Thread 0x0000021f5d0c6fd0 Exception <a 'java/lang/NoSuchMethodError'{0x000000008b32be20}: 'java.lang.Object java.lang.invoke.DirectMethodHandle$Holder.newInvokeSpecial(java.lang.Object, java.lang.Object, java.lang.Object, int, int, int, int, int)'> (0x000000008b32be20) 
thrown [s\open\src\hotspot\share\interpreter\linkResolver.cpp, line 774]
Event: 0.499 Thread 0x0000021f5d0c7cf0 Exception <a 'java/lang/NoSuchMethodError'{0x000000008b07f1b8}: 'void java.lang.invoke.DirectMethodHandle$Holder.invokeVirtual(java.lang.Object, java.lang.Object)'> (0x000000008b07f1b8) 
thrown [s\open\src\hotspot\share\interpreter\linkResolver.cpp, line 774]
Event: 0.516 Thread 0x0000021f78f82ee0 Exception <a 'java/lang/NoSuchMethodError'{0x000000008af0edc8}: 'void java.lang.invoke.DirectMethodHandle$Holder.invokeStaticInit(java.lang.Object)'> (0x000000008af0edc8) 
thrown [s\open\src\hotspot\share\interpreter\linkResolver.cpp, line 774]

ZGC Phase Switch (0 events):
No events

VM Operations (10 events):
Event: 0.136 Executing VM operation: HandshakeAllThreads (Deoptimize)
Event: 0.136 Executing VM operation: HandshakeAllThreads (Deoptimize) done
Event: 0.266 Executing VM operation: HandshakeAllThreads (Deoptimize)
Event: 0.266 Executing VM operation: HandshakeAllThreads (Deoptimize) done
Event: 0.305 Executing VM operation: HandshakeAllThreads (Deoptimize)
Event: 0.305 Executing VM operation: HandshakeAllThreads (Deoptimize) done
Event: 0.582 Executing VM operation: HandshakeAllThreads (Deoptimize)
Event: 0.582 Executing VM operation: HandshakeAllThreads (Deoptimize) done
Event: 0.583 Executing VM operation: ICBufferFull
Event: 0.583 Executing VM operation: ICBufferFull done

Events (18 events):
Event: 0.024 Thread 0x0000021f78f82ee0 Thread added: 0x0000021f78f82ee0
Event: 0.033 Thread 0x0000021f17dba780 Thread added: 0x0000021f17dba780
Event: 0.033 Thread 0x0000021f17dbc3a0 Thread added: 0x0000021f17dbc3a0
Event: 0.033 Thread 0x0000021f17dbdaf0 Thread added: 0x0000021f17dbdaf0
Event: 0.033 Thread 0x0000021f17dbe8b0 Thread added: 0x0000021f17dbe8b0
Event: 0.033 Thread 0x0000021f17dc4690 Thread added: 0x0000021f17dc4690
Event: 0.033 Thread 0x0000021f17dcd3e0 Thread added: 0x0000021f17dcd3e0
Event: 0.034 Thread 0x0000021f17dd4e60 Thread added: 0x0000021f17dd4e60
Event: 0.034 Thread 0x0000021f17dd5910 Thread added: 0x0000021f17dd5910
Event: 0.048 Thread 0x0000021f5d0c9dc0 Thread added: 0x0000021f5d0c9dc0
Event: 0.057 Thread 0x0000021f5d1efad0 Thread added: 0x0000021f5d1efad0
Event: 0.087 Thread 0x0000021f5d0c7660 Thread added: 0x0000021f5d0c7660
Event: 0.087 Thread 0x0000021f5d0ca450 Thread added: 0x0000021f5d0ca450
Event: 0.176 Thread 0x0000021f5d0c90a0 Thread added: 0x0000021f5d0c90a0
Event: 0.177 Thread 0x0000021f5d0c8380 Thread added: 0x0000021f5d0c8380
Event: 0.177 Thread 0x0000021f5d0c7cf0 Thread added: 0x0000021f5d0c7cf0
Event: 0.276 Thread 0x0000021f5d0c6fd0 Thread added: 0x0000021f5d0c6fd0
Event: 0.502 Thread 0x0000021f5d0c8a10 Thread added: 0x0000021f5d0c8a10


Dynamic libraries:
0x00007ff7e7230000 - 0x00007ff7e723e000 	C:\Users\kacor\.jdks\openjdk-22.0.1\bin\java.exe
0x00007ffe24070000 - 0x00007ffe24287000 	C:\Windows\SYSTEM32\ntdll.dll
0x00007ffe22ee0000 - 0x00007ffe22fa4000 	C:\Windows\System32\KERNEL32.DLL
0x00007ffe213a0000 - 0x00007ffe2174c000 	C:\Windows\System32\KERNELBASE.dll
0x00007ffe21a00000 - 0x00007ffe21b11000 	C:\Windows\System32\ucrtbase.dll
0x00007ffe117d0000 - 0x00007ffe117eb000 	C:\Users\kacor\.jdks\openjdk-22.0.1\bin\VCRUNTIME140.dll
0x00007ffe0bae0000 - 0x00007ffe0baf7000 	C:\Users\kacor\.jdks\openjdk-22.0.1\bin\jli.dll
0x00007ffe23e80000 - 0x00007ffe2402e000 	C:\Windows\System32\USER32.dll
0x00007ffe218e0000 - 0x00007ffe21906000 	C:\Windows\System32\win32u.dll
0x00007ffdf0da0000 - 0x00007ffdf1033000 	C:\Windows\WinSxS\amd64_microsoft.windows.common-controls_6595b64144ccf1df_6.0.22621.3672_none_2713b9d173822955\COMCTL32.dll
0x00007ffe23010000 - 0x00007ffe23039000 	C:\Windows\System32\GDI32.dll
0x00007ffe23d10000 - 0x00007ffe23db7000 	C:\Windows\System32\msvcrt.dll
0x00007ffe217c0000 - 0x00007ffe218d9000 	C:\Windows\System32\gdi32full.dll
0x00007ffe21b20000 - 0x00007ffe21bba000 	C:\Windows\System32\msvcp_win.dll
0x00007ffe23e40000 - 0x00007ffe23e71000 	C:\Windows\System32\IMM32.DLL
0x00007ffe11890000 - 0x00007ffe1189c000 	C:\Users\kacor\.jdks\openjdk-22.0.1\bin\vcruntime140_1.dll
0x00007ffde2e00000 - 0x00007ffde2e8e000 	C:\Users\kacor\.jdks\openjdk-22.0.1\bin\msvcp140.dll
0x00007ffda0d70000 - 0x00007ffda1ab7000 	C:\Users\kacor\.jdks\openjdk-22.0.1\bin\server\jvm.dll
0x00007ffe23040000 - 0x00007ffe230f2000 	C:\Windows\System32\ADVAPI32.dll
0x00007ffe22020000 - 0x00007ffe220c8000 	C:\Windows\System32\sechost.dll
0x00007ffe219d0000 - 0x00007ffe219f8000 	C:\Windows\System32\bcrypt.dll
0x00007ffe220f0000 - 0x00007ffe22205000 	C:\Windows\System32\RPCRT4.dll
0x00007ffe21fa0000 - 0x00007ffe22011000 	C:\Windows\System32\WS2_32.dll
0x00007ffe20bd0000 - 0x00007ffe20c1d000 	C:\Windows\SYSTEM32\POWRPROF.dll
0x00007ffe16380000 - 0x00007ffe163b4000 	C:\Windows\SYSTEM32\WINMM.dll
0x00007ffe18950000 - 0x00007ffe1895a000 	C:\Windows\SYSTEM32\VERSION.dll
0x00007ffe20ba0000 - 0x00007ffe20bb3000 	C:\Windows\SYSTEM32\UMPDC.dll
0x00007ffe20390000 - 0x00007ffe203a8000 	C:\Windows\SYSTEM32\kernel.appcore.dll
0x00007ffe117c0000 - 0x00007ffe117ca000 	C:\Users\kacor\.jdks\openjdk-22.0.1\bin\jimage.dll
0x00007ffe03340000 - 0x00007ffe03572000 	C:\Windows\SYSTEM32\DBGHELP.DLL
0x00007ffe23980000 - 0x00007ffe23d08000 	C:\Windows\System32\combase.dll
0x00007ffe21db0000 - 0x00007ffe21e87000 	C:\Windows\System32\OLEAUT32.dll
0x00007ffe022e0000 - 0x00007ffe02312000 	C:\Windows\SYSTEM32\dbgcore.DLL
0x00007ffe21bc0000 - 0x00007ffe21c3b000 	C:\Windows\System32\bcryptPrimitives.dll
0x00007ffe11470000 - 0x00007ffe1147f000 	C:\Users\kacor\.jdks\openjdk-22.0.1\bin\instrument.dll
0x00007ffe0aaa0000 - 0x00007ffe0aabe000 	C:\Users\kacor\.jdks\openjdk-22.0.1\bin\java.dll
0x00007ffe225d0000 - 0x00007ffe22e2c000 	C:\Windows\System32\SHELL32.dll
0x00007ffe22210000 - 0x00007ffe223b5000 	C:\Windows\System32\ole32.dll
0x00007ffe1f2a0000 - 0x00007ffe1fb97000 	C:\Windows\SYSTEM32\windows.storage.dll
0x00007ffe1f160000 - 0x00007ffe1f29f000 	C:\Windows\SYSTEM32\wintypes.dll
0x00007ffe23710000 - 0x00007ffe23804000 	C:\Windows\System32\SHCORE.dll
0x00007ffe22fb0000 - 0x00007ffe2300e000 	C:\Windows\System32\shlwapi.dll
0x00007ffe212d0000 - 0x00007ffe212f1000 	C:\Windows\SYSTEM32\profapi.dll
0x00007ffdd1b00000 - 0x00007ffdd1bd7000 	C:\Users\kacor\.jdks\openjdk-22.0.1\bin\jsvml.dll
0x00007ffe0aa60000 - 0x00007ffe0aa77000 	C:\Users\kacor\.jdks\openjdk-22.0.1\bin\zip.dll
0x00007ffe0b960000 - 0x00007ffe0b970000 	C:\Users\kacor\.jdks\openjdk-22.0.1\bin\net.dll
0x00007ffe207f0000 - 0x00007ffe20859000 	C:\Windows\system32\mswsock.dll
0x00007ffe0aa80000 - 0x00007ffe0aa96000 	C:\Users\kacor\.jdks\openjdk-22.0.1\bin\nio.dll
0x00007ffe08d10000 - 0x00007ffe08d2a000 	C:\Program Files\JetBrains\IntelliJ IDEA 2023.3.4\bin\breakgen64.dll
0x00007ffe0b2f0000 - 0x00007ffe0b2f9000 	C:\Users\kacor\.jdks\openjdk-22.0.1\bin\extnet.dll
0x00007ffda0340000 - 0x00007ffda04cd000 	C:\Users\kacor\.jdks\openjdk-22.0.1\bin\awt.dll
0x00007ffe1e6e0000 - 0x00007ffe1e777000 	C:\Windows\SYSTEM32\apphelp.dll
0x00007ffe1eb00000 - 0x00007ffe1eb2b000 	C:\Windows\system32\DWMAPI.DLL
0x00007ffe1e8b0000 - 0x00007ffe1e95a000 	C:\Windows\system32\uxtheme.dll
0x00007ffe035a0000 - 0x00007ffe036a0000 	C:\Windows\system32\opengl32.dll
0x00007ffe03000000 - 0x00007ffe0302d000 	C:\Windows\SYSTEM32\GLU32.dll
0x00007ffe1e9b0000 - 0x00007ffe1e9e9000 	C:\Windows\SYSTEM32\dxcore.dll
0x00007ffe23820000 - 0x00007ffe23973000 	C:\Windows\System32\MSCTF.dll
0x00007ffdd1880000 - 0x00007ffdd1907000 	C:\Users\kacor\.jdks\openjdk-22.0.1\bin\freetype.dll
0x00007ffda87b0000 - 0x00007ffda8887000 	C:\Users\kacor\.jdks\openjdk-22.0.1\bin\fontmanager.dll
0x00007ffe21e90000 - 0x00007ffe21f40000 	C:\Windows\System32\clbcatq.dll
0x00007ffe1cfe0000 - 0x00007ffe1d190000 	C:\Windows\SYSTEM32\WindowsCodecs.dll
0x00007ffdf4190000 - 0x00007ffdf41ee000 	C:\Windows\system32\dataexchange.dll
0x00007ffe185d0000 - 0x00007ffe1885a000 	C:\Windows\system32\twinapi.appcore.dll
0x00007ffde62d0000 - 0x00007ffde62fe000 	C:\Users\kacor\.jdks\openjdk-22.0.1\bin\javajpeg.dll

dbghelp: loaded successfully - version: 4.0.5 - missing functions: none
symbol engine: initialized successfully - sym options: 0x614 - pdb path: .;C:\Users\kacor\.jdks\openjdk-22.0.1\bin;C:\Windows\SYSTEM32;C:\Windows\WinSxS\amd64_microsoft.windows.common-controls_6595b64144ccf1df_6.0.22621.3672_none_2713b9d173822955;C:\Users\kacor\.jdks\openjdk-22.0.1\bin\server;C:\Program Files\JetBrains\IntelliJ IDEA 2023.3.4\bin

VM Arguments:
jvm_args: -javaagent:C:\Program Files\JetBrains\IntelliJ IDEA 2023.3.4\lib\idea_rt.jar=58303:C:\Program Files\JetBrains\IntelliJ IDEA 2023.3.4\bin -Dfile.encoding=UTF-8 -Dsun.stdout.encoding=UTF-8 -Dsun.stderr.encoding=UTF-8 
java_command: Main
java_class_path (initial): D:\GymSystem\GymProject\out\production\GymProject;C:\Users\kacor\Downloads\AbsoluteLayout-RELEASE210.jar;C:\Users\kacor\Downloads\mysql-connector-j-8.4.0\mysql-connector-j-8.4.0\mysql-connector-j-8.4.0.jar;C:\Users\kacor\Downloads\jcalendar-1.4\lib\jcalendar-1.4.jar;C:\Users\kacor\Downloads\jcalendar-1.4\lib\jgoodies-common-1.2.0.jar;C:\Users\kacor\Downloads\jcalendar-1.4\lib\jgoodies-looks-2.4.1.jar;C:\Users\kacor\.m2\repository\com\zaxxer\HikariCP\5.0.1\HikariCP-5.0.1.jar;C:\Users\kacor\.m2\repository\org\slf4j\slf4j-api\2.0.0-alpha1\slf4j-api-2.0.0-alpha1.jar
Launcher Type: SUN_STANDARD

[Global flags]
     intx CICompilerCount                          = 4                                         {product} {ergonomic}
     uint ConcGCThreads                            = 3                                         {product} {ergonomic}
     uint G1ConcRefinementThreads                  = 10                                        {product} {ergonomic}
   size_t G1HeapRegionSize                         = 1048576                                   {product} {ergonomic}
   size_t InitialHeapSize                          = 130023424                                 {product} {ergonomic}
   size_t MarkStackSize                            = 4194304                                   {product} {ergonomic}
   size_t MaxHeapSize                              = 2080374784                                {product} {ergonomic}
   size_t MaxNewSize                               = 1247805440                                {product} {ergonomic}
   size_t MinHeapDeltaBytes                        = 1048576                                   {product} {ergonomic}
   size_t MinHeapSize                              = 8388608                                   {product} {ergonomic}
    uintx NonNMethodCodeHeapSize                   = 5839372                                {pd product} {ergonomic}
    uintx NonProfiledCodeHeapSize                  = 122909434                              {pd product} {ergonomic}
    uintx ProfiledCodeHeapSize                     = 122909434                              {pd product} {ergonomic}
    uintx ReservedCodeCacheSize                    = 251658240                              {pd product} {ergonomic}
     bool SegmentedCodeCache                       = true                                      {product} {ergonomic}
   size_t SoftMaxHeapSize                          = 2080374784                             {manageable} {ergonomic}
     bool UseCompressedOops                        = true                           {product lp64_product} {ergonomic}
     bool UseG1GC                                  = true                                      {product} {ergonomic}
     bool UseLargePagesIndividualAllocation        = false                                  {pd product} {ergonomic}

Logging:
Log output configuration:
 #0: stdout all=warning uptime,level,tags foldmultilines=false
 #1: stderr all=off uptime,level,tags foldmultilines=false

Environment Variables:
PATH=C:\Program Files\Common Files\Oracle\Java\javapath;C:\Windows\system32;C:\Windows;C:\Windows\System32\Wbem;C:\Windows\System32\WindowsPowerShell\v1.0\;C:\Windows\System32\OpenSSH\;C:\Program Files\dotnet\;C:\Program Files\nodejs\;C:\Program Files\Git\cmd;C:\Users\kacor\AppData\Local\Microsoft\WindowsApps;C:\Users\kacor\AppData\Local\Programs\Microsoft VS Code\bin;C:\msys64\ucrt64\bin;C:\Users\kacor\AppData\Local\GitHubDesktop\bin;C:\Users\kacor\AppData\Roaming\npm;C:\Program Files\JetBrains\IntelliJ IDEA 2023.3.4\bin;;C:\Program Files\Java\jdk-21\bin;;C:\Users\kacor\AppData\Local\Programs\oh-my-posh\bin
USERNAME=kacor
OS=Windows_NT
PROCESSOR_IDENTIFIER=Intel64 Family 6 Model 151 Stepping 5, GenuineIntel
TMP=C:\Users\kacor\AppData\Local\Temp
TEMP=C:\Users\kacor\AppData\Local\Temp




Periodic native trim disabled

---------------  S Y S T E M  ---------------

OS:
 Windows 11 , 64 bit Build 22621 (10.0.22621.3672)
OS uptime: 10 days 1:49 hours
Hyper-V role detected

CPU: total 12 (initial active 12) (6 cores per cpu, 2 threads per core) family 6 model 151 stepping 5 microcode 0x26, cx8, cmov, fxsr, ht, mmx, 3dnowpref, sse, sse2, sse3, ssse3, sse4.1, sse4.2, popcnt, lzcnt, tsc, tscinvbit, avx, avx2, aes, erms, clmul, bmi1, bmi2, adx, sha, fma, vzeroupper, clflush, clflushopt, clwb, hv, serialize, rdtscp, rdpid, fsrm, f16c, cet_ibt, cet_ss
Processor Information for all 12 processors :
  Max Mhz: 2500, Current Mhz: 2500, Mhz Limit: 2500

Memory: 4k page, system-wide physical 7933M (317M free)
TotalPageFile size 32509M (AvailPageFile size 5M)
current process WorkingSet (physical memory assigned to process): 100M, peak: 100M
current process commit charge ("private bytes"): 241M, peak: 241M

vm_info: OpenJDK 64-Bit Server VM (22.0.1+8-16) for windows-amd64 JRE (22.0.1+8-16), built on 2024-03-12T10:33:16Z by "mach5one" with MS VC++ 17.6 (VS2022)

END.
